app/build/intermediates/manifest_merge_blame_file/debug/manifest-merger-blame-debug-report.txt
1<?xml version="1.0" encoding="utf-8"?>
2<manifest xmlns:android="http://schemas.android.com/apk/res/android"
3    package="com.example.cineiver"
4    android:versionCode="1"
5    android:versionName="1.0" >
6
7    <uses-sdk
8        android:minSdkVersion="23"
8-->src\main\AndroidManifest.xml
9        android:targetSdkVersion="29" />
9-->src\main\AndroidManifest.xml
10
11    <uses-permission android:name="android.permission.INTERNET" />
11-->src\main\AndroidManifest.xml:20:5-66
11-->src\main\AndroidManifest.xml:20:22-64
12
13    <application
13-->src\main\AndroidManifest.xml:5:5-19:19
14        android:allowBackup="true"
14-->src\main\AndroidManifest.xml:6:9-35
15        android:appComponentFactory="android.support.v4.app.CoreComponentFactory"
15-->[com.android.support:support-compat:28.0.0] AndroidManifest.xml:22:18-91
16        android:debuggable="true"
17        android:extractNativeLibs="false"
18        android:icon="@mipmap/ic_launcher"
18-->src\main\AndroidManifest.xml:7:9-43
19        android:label="@string/app_name"
19-->src\main\AndroidManifest.xml:8:9-41
20        android:roundIcon="@mipmap/ic_launcher_round"
20-->src\main\AndroidManifest.xml:9:9-54
21        android:supportsRtl="true"
21-->src\main\AndroidManifest.xml:10:9-35
22        android:testOnly="true"
23        android:theme="@style/AppTheme" >
23-->src\main\AndroidManifest.xml:11:9-40
24        <activity android:name="com.example.cineiver.MovieDetailActivity" />
24-->src\main\AndroidManifest.xml:12:9-66
24-->src\main\AndroidManifest.xml:12:19-54
25        <activity android:name="com.example.cineiver.MovieListActivity" >
25-->src\main\AndroidManifest.xml:13:9-18:20
25-->src\main\AndroidManifest.xml:13:19-52
26            <intent-filter>
26-->src\main\AndroidManifest.xml:14:13-17:29
27                <action android:name="android.intent.action.MAIN" />
27-->src\main\AndroidManifest.xml:15:17-69
27-->src\main\AndroidManifest.xml:15:25-66
28
29                <category android:name="android.intent.category.LAUNCHER" />
29-->src\main\AndroidManifest.xml:16:17-77
29-->src\main\AndroidManifest.xml:16:27-74
30            </intent-filter>
31        </activity>
32
33        <provider
33-->[com.squareup.picasso:picasso:2.71828] AndroidManifest.xml:8:9-11:40
34            android:name="com.squareup.picasso.PicassoProvider"
34-->[com.squareup.picasso:picasso:2.71828] AndroidManifest.xml:9:13-64
35            android:authorities="com.example.cineiver.com.squareup.picasso"
35-->[com.squareup.picasso:picasso:2.71828] AndroidManifest.xml:10:13-72
36            android:exported="false" />
36-->[com.squareup.picasso:picasso:2.71828] AndroidManifest.xml:11:13-37
37    </application>
38
39</manifest>